0 info it worked if it ends with ok
1 verbose cli [ 'node',
1 verbose cli   '/usr/local/bin/npm',
1 verbose cli   'install',
1 verbose cli   '--save',
1 verbose cli   'express-handlebar.' ]
2 info using npm@1.4.28
3 info using node@v0.10.32
4 verbose readDependencies using package.json deps
5 verbose cache add [ 'express-handlebar.', null ]
6 verbose cache add name=undefined spec="express-handlebar." args=["express-handlebar.",null]
7 verbose parsed url { protocol: null,
7 verbose parsed url   slashes: null,
7 verbose parsed url   auth: null,
7 verbose parsed url   host: null,
7 verbose parsed url   port: null,
7 verbose parsed url   hostname: null,
7 verbose parsed url   hash: null,
7 verbose parsed url   search: null,
7 verbose parsed url   query: null,
7 verbose parsed url   pathname: 'express-handlebar.',
7 verbose parsed url   path: 'express-handlebar.',
7 verbose parsed url   href: 'express-handlebar.' }
8 silly lockFile 992f38b7-express-handlebar express-handlebar.
9 verbose lock express-handlebar. /Users/pborrawar/.npm/992f38b7-express-handlebar.lock
10 silly lockFile 992f38b7-express-handlebar express-handlebar.
11 silly lockFile 992f38b7-express-handlebar express-handlebar.
12 verbose addNamed [ 'express-handlebar.', '' ]
13 verbose addNamed [ null, '*' ]
14 silly lockFile fbe8b9e3-express-handlebar express-handlebar.@
15 verbose lock express-handlebar.@ /Users/pborrawar/.npm/fbe8b9e3-express-handlebar.lock
16 silly addNameRange { name: 'express-handlebar.', range: '*', hasData: false }
17 verbose request where is /express-handlebar.
18 verbose request registry https://registry.npmjs.org/
19 verbose request id 0f40cee86f8ae4c1
20 verbose url raw /express-handlebar.
21 verbose url resolving [ 'https://registry.npmjs.org/', './express-handlebar.' ]
22 verbose url resolved https://registry.npmjs.org/express-handlebar.
23 verbose request where is https://registry.npmjs.org/express-handlebar.
24 info trying registry request attempt 1 at 10:54:04
25 http GET https://registry.npmjs.org/express-handlebar.
26 http 404 https://registry.npmjs.org/express-handlebar.
27 verbose headers { server: 'CouchDB/1.5.0 (Erlang OTP/R16B03)',
27 verbose headers   'content-type': 'application/json',
27 verbose headers   'cache-control': 'max-age=0',
27 verbose headers   'content-length': '51',
27 verbose headers   'accept-ranges': 'bytes',
27 verbose headers   date: 'Thu, 25 Jun 2015 14:54:05 GMT',
27 verbose headers   via: '1.1 varnish',
27 verbose headers   age: '0',
27 verbose headers   connection: 'keep-alive',
27 verbose headers   'x-served-by': 'cache-jfk1027-JFK',
27 verbose headers   'x-cache': 'MISS',
27 verbose headers   'x-cache-hits': '0',
27 verbose headers   'x-timer': 'S1435244045.051103,VS0,VE95' }
28 silly registry.get cb [ 404,
28 silly registry.get   { server: 'CouchDB/1.5.0 (Erlang OTP/R16B03)',
28 silly registry.get     'content-type': 'application/json',
28 silly registry.get     'cache-control': 'max-age=0',
28 silly registry.get     'content-length': '51',
28 silly registry.get     'accept-ranges': 'bytes',
28 silly registry.get     date: 'Thu, 25 Jun 2015 14:54:05 GMT',
28 silly registry.get     via: '1.1 varnish',
28 silly registry.get     age: '0',
28 silly registry.get     connection: 'keep-alive',
28 silly registry.get     'x-served-by': 'cache-jfk1027-JFK',
28 silly registry.get     'x-cache': 'MISS',
28 silly registry.get     'x-cache-hits': '0',
28 silly registry.get     'x-timer': 'S1435244045.051103,VS0,VE95' } ]
29 silly lockFile fbe8b9e3-express-handlebar express-handlebar.@
30 silly lockFile fbe8b9e3-express-handlebar express-handlebar.@
31 error 404 404 Not Found: express-handlebar.
31 error 404
31 error 404 'express-handlebar.' is not in the npm registry.
31 error 404 You should bug the author to publish it
31 error 404 It was specified as a dependency of 'immigration-template'
31 error 404
31 error 404 Note that you can also install from a
31 error 404 tarball, folder, or http url, or git url.
32 error System Darwin 14.1.0
33 error command "node" "/usr/local/bin/npm" "install" "--save" "express-handlebar."
34 error cwd /Users/pborrawar/Documents/projects/checkin-checkout
35 error node -v v0.10.32
36 error npm -v 1.4.28
37 error code E404
38 verbose exit [ 1, true ]
